0 info it worked if it ends with ok
1 verbose cli [ '/usr/local/bin/node',
1 verbose cli   '/usr/local/bin/npm',
1 verbose cli   'install',
1 verbose cli   '-',
1 verbose cli   'g',
1 verbose cli   'node-inspector' ]
2 info using npm@1.3.21
3 info using node@v0.10.24
4 verbose readDependencies using package.json deps
5 verbose cache add [ '-', null ]
6 verbose cache add name=undefined spec="-" args=["-",null]
7 verbose parsed url { protocol: null,
7 verbose parsed url   slashes: null,
7 verbose parsed url   auth: null,
7 verbose parsed url   host: null,
7 verbose parsed url   port: null,
7 verbose parsed url   hostname: null,
7 verbose parsed url   hash: null,
7 verbose parsed url   search: null,
7 verbose parsed url   query: null,
7 verbose parsed url   pathname: '-',
7 verbose parsed url   path: '-',
7 verbose parsed url   href: '-' }
8 verbose cache add [ 'g', null ]
9 verbose cache add name=undefined spec="g" args=["g",null]
10 verbose parsed url { protocol: null,
10 verbose parsed url   slashes: null,
10 verbose parsed url   auth: null,
10 verbose parsed url   host: null,
10 verbose parsed url   port: null,
10 verbose parsed url   hostname: null,
10 verbose parsed url   hash: null,
10 verbose parsed url   search: null,
10 verbose parsed url   query: null,
10 verbose parsed url   pathname: 'g',
10 verbose parsed url   path: 'g',
10 verbose parsed url   href: 'g' }
11 verbose cache add [ 'node-inspector', null ]
12 verbose cache add name=undefined spec="node-inspector" args=["node-inspector",null]
13 verbose parsed url { protocol: null,
13 verbose parsed url   slashes: null,
13 verbose parsed url   auth: null,
13 verbose parsed url   host: null,
13 verbose parsed url   port: null,
13 verbose parsed url   hostname: null,
13 verbose parsed url   hash: null,
13 verbose parsed url   search: null,
13 verbose parsed url   query: null,
13 verbose parsed url   pathname: 'node-inspector',
13 verbose parsed url   path: 'node-inspector',
13 verbose parsed url   href: 'node-inspector' }
14 silly lockFile 3bc15c8a- -
15 verbose lock - /Users/henrique/.npm/3bc15c8a-.lock
16 silly lockFile 54fd1711-g g
17 verbose lock g /Users/henrique/.npm/54fd1711-g.lock
18 silly lockFile 4198ef9e-node-inspector node-inspector
19 verbose lock node-inspector /Users/henrique/.npm/4198ef9e-node-inspector.lock
20 silly lockFile 54fd1711-g g
21 silly lockFile 54fd1711-g g
22 silly lockFile 4198ef9e-node-inspector node-inspector
23 silly lockFile 4198ef9e-node-inspector node-inspector
24 silly lockFile 3bc15c8a- -
25 silly lockFile 3bc15c8a- -
26 verbose addNamed [ 'g', '' ]
27 verbose addNamed [ null, '*' ]
28 silly lockFile 8b047e1f-g g@
29 verbose lock g@ /Users/henrique/.npm/8b047e1f-g.lock
30 verbose addNamed [ 'node-inspector', '' ]
31 verbose addNamed [ null, '*' ]
32 silly lockFile e68b88da-node-inspector node-inspector@
33 verbose lock node-inspector@ /Users/henrique/.npm/e68b88da-node-inspector.lock
34 verbose addNamed [ '-', '' ]
35 verbose addNamed [ null, '*' ]
36 silly lockFile c75fe0d4- -@
37 verbose lock -@ /Users/henrique/.npm/c75fe0d4-.lock
38 silly addNameRange { name: 'g', range: '*', hasData: false }
39 silly addNameRange { name: 'node-inspector', range: '*', hasData: false }
40 verbose url raw g
41 verbose url resolving [ 'https://registry.npmjs.org/', './g' ]
42 verbose url resolved https://registry.npmjs.org/g
43 info trying registry request attempt 1 at 15:10:58
44 http GET https://registry.npmjs.org/g
45 silly addNameRange { name: '-', range: '*', hasData: false }
46 verbose url raw -
47 verbose url resolving [ 'https://registry.npmjs.org/', './-' ]
48 verbose url resolved https://registry.npmjs.org/-
49 info trying registry request attempt 1 at 15:10:58
50 http GET https://registry.npmjs.org/-
51 verbose url raw node-inspector
52 verbose url resolving [ 'https://registry.npmjs.org/', './node-inspector' ]
53 verbose url resolved https://registry.npmjs.org/node-inspector
54 info trying registry request attempt 1 at 15:10:58
55 verbose etag "EHXPSX65FBR145SE19T6MJB7D"
56 http GET https://registry.npmjs.org/node-inspector
57 http 304 https://registry.npmjs.org/node-inspector
58 silly registry.get cb [ 304,
58 silly registry.get   { date: 'Thu, 06 Feb 2014 17:10:59 GMT',
58 silly registry.get     server: 'Apache',
58 silly registry.get     connection: 'Keep-Alive',
58 silly registry.get     'keep-alive': 'timeout=10, max=50',
58 silly registry.get     etag: '"EHXPSX65FBR145SE19T6MJB7D"',
58 silly registry.get     'cache-control': 'max-age=1',
58 silly registry.get     vary: 'Accept' } ]
59 verbose etag node-inspector from cache
60 http 404 https://registry.npmjs.org/-
61 silly registry.get cb [ 404,
61 silly registry.get   { date: 'Thu, 06 Feb 2014 17:10:59 GMT',
61 silly registry.get     server: 'CouchDB/1.5.0 (Erlang OTP/R16B)',
61 silly registry.get     'content-type': 'application/json',
61 silly registry.get     via: '1.1 varnish',
61 silly registry.get     'cache-control': 'max-age=0',
61 silly registry.get     'content-length': '52',
61 silly registry.get     'accept-ranges': 'bytes',
61 silly registry.get     age: '0',
61 silly registry.get     'x-served-by': 'cache-v36-ASH, cache-jfk1021-JFK',
61 silly registry.get     'x-cache': 'MISS, MISS',
61 silly registry.get     'x-cache-hits': '0, 0',
61 silly registry.get     'x-timer': 'S1391706659.700243711,VS0,VS4,VE25,VE28',
61 silly registry.get     'keep-alive': 'timeout=10, max=50',
61 silly registry.get     connection: 'Keep-Alive' } ]
62 silly lockFile c75fe0d4- -@
63 silly lockFile c75fe0d4- -@
64 error Error: not_found document not found: -
64 error     at RegClient.<anonymous> (/usr/local/lib/node_modules/npm/node_modules/npm-registry-client/lib/request.js:275:14)
64 error     at Request.self.callback (/usr/local/lib/node_modules/npm/node_modules/request/request.js:123:22)
64 error     at Request.EventEmitter.emit (events.js:98:17)
64 error     at Request.<anonymous> (/usr/local/lib/node_modules/npm/node_modules/request/request.js:893:14)
64 error     at Request.EventEmitter.emit (events.js:117:20)
64 error     at IncomingMessage.<anonymous> (/usr/local/lib/node_modules/npm/node_modules/request/request.js:844:12)
64 error     at IncomingMessage.EventEmitter.emit (events.js:117:20)
64 error     at _stream_readable.js:920:16
64 error     at process._tickCallback (node.js:415:13)
65 error If you need help, you may report this *entire* log,
65 error including the npm and node versions, at:
65 error     <http://github.com/isaacs/npm/issues>
66 error System Darwin 12.5.0
67 error command "/usr/local/bin/node" "/usr/local/bin/npm" "install" "-" "g" "node-inspector"
68 error cwd /Users/henrique/projetos/workspace/node-estudo/web
69 error node -v v0.10.24
70 error npm -v 1.3.21
71 verbose exit [ 1, true ]
